<?xml version="1.0" encoding="UTF-8"?>
<!-- Generated by org.testng.reporters.JUnitReportReporter -->
<testsuite skipped="0" hostname="EBHVR04-04" name="dataDrivenFramework.TestRunner" tests="1" failures="0" timestamp="18 Aug 2017 04:31:39 GMT" time="1.402" errors="0">
  <testcase name="test" time="1.402" classname="dataDrivenFramework.TestRunner"/>
</testsuite> <!-- dataDrivenFramework.TestRunner -->
